<?xml version="1.0" encoding="UTF-8"?>
<testng-results ignored="0" total="1" passed="1" failed="0" skipped="0">
  <reporter-output>
  </reporter-output>
  <suite started-at="2022-04-29T21:20:00 MST" name="Default suite" finished-at="2022-04-29T21:20:10 MST" duration-ms="10139">
    <groups>
    </groups>
    <test started-at="2022-04-29T21:20:00 MST" name="Default test" finished-at="2022-04-29T21:20:10 MST" duration-ms="10139">
      <class name="com.test.SmokeTest">
        <test-method is-config="true" signature="before()[pri:0, instance:com.test.SmokeTest@534a5a98]" started-at="2022-04-29T21:20:00 MST" name="before" finished-at="2022-04-29T21:20:00 MST" duration-ms="108" status="PASS">
          <reporter-output>
          </reporter-output>
        </test-method> <!-- before -->
        <test-method is-config="true" signature="setUp(java.lang.reflect.Method)[pri:0, instance:com.test.SmokeTest@534a5a98]" started-at="2022-04-29T21:20:00 MST" name="setUp" finished-at="2022-04-29T21:20:00 MST" duration-ms="3" status="PASS">
          <params>
            <param index="0">
              <value>
                <![CDATA[public void com.test.SmokeTest.smoke_Test_Login_Funtion_Positive() throws java.lang.Throwable]]>
              </value>
            </param>
          </params>
          <reporter-output>
          </reporter-output>
        </test-method> <!-- setUp -->
        <test-method signature="smoke_Test_Login_Funtion_Positive()[pri:0, instance:com.test.SmokeTest@534a5a98]" started-at="2022-04-29T21:20:00 MST" name="smoke_Test_Login_Funtion_Positive" finished-at="2022-04-29T21:20:10 MST" duration-ms="9822" status="PASS">
          <reporter-output>
          </reporter-output>
        </test-method> <!-- smoke_Test_Login_Funtion_Positive -->
        <test-method is-config="true" signature="aftermethod(org.testng.ITestResult)[pri:0, instance:com.test.SmokeTest@534a5a98]" started-at="2022-04-29T21:20:10 MST" name="aftermethod" finished-at="2022-04-29T21:20:10 MST" duration-ms="9" status="PASS">
          <params>
            <param index="0">
              <value>
                <![CDATA[[TestResult name=smoke_Test_Login_Funtion_Positive status=SUCCESS method=SmokeTest.smoke_Test_Login_Funtion_Positive()[pri:0, instance:com.test.SmokeTest@534a5a98] output={null}]]]>
              </value>
            </param>
          </params>
          <reporter-output>
          </reporter-output>
        </test-method> <!-- aftermethod -->
        <test-method is-config="true" signature="sfterSuite()[pri:0, instance:com.test.SmokeTest@534a5a98]" started-at="2022-04-29T21:20:10 MST" name="sfterSuite" finished-at="2022-04-29T21:20:10 MST" duration-ms="176" status="PASS">
          <reporter-output>
          </reporter-output>
        </test-method> <!-- sfterSuite -->
      </class> <!-- com.test.SmokeTest -->
    </test> <!-- Default test -->
  </suite> <!-- Default suite -->
</testng-results>
